<?xml version="1.0" encoding="UTF-8"?>
<!-- Generated by org.testng.reporters.JUnitReportReporter -->
<testsuite hostname="CYBERSPACE" failures="0" tests="1" name="Testcase.TC002" time="48.417" errors="0" timestamp="2022-10-05T22:15:32 BDT" skipped="0">
  <testcase classname="Testcase.TC002" name="locatorLearning2" time="48.417"/>
  <system-out/>
</testsuite> <!-- Testcase.TC002 -->
