<?xml version="1.0" encoding="UTF-8"?>
<!-- Generated by org.testng.reporters.JUnitReportReporter -->
<testsuite hostname="CYBERSPACE" failures="0" tests="1" name="Testcase.TC003" time="13.481" errors="0" timestamp="2022-09-16T19:09:50 BDT" skipped="0">
  <testcase classname="Testcase.TC003" name="locatorLearning3" time="13.481"/>
  <system-out/>
</testsuite> <!-- Testcase.TC003 -->
